7.9850 	WARNING 	We strongly recommend you activate the PTB sound engine in PsychoPy prefs as the preferred audio engine. Its timing is vastly superior. Your prefs are currently set to use ['sounddevice', 'PTB', 'pyo', 'pygame'] (in that order).
20.5589 	WARNING 	Couldn't measure a consistent frame rate!
  - Is your graphics card set to sync to vertical blank?
  - Are you running other processes on your computer?

20.5618 	EXP 	Created window1 = Window(allowGUI=True, allowStencil=False, autoLog=True, backendConf=UNKNOWN, bitsMode=UNKNOWN, blendMode='avg', bpc=(8, 8, 8), color=array([0, 0, 0]), colorSpace='rgb', depthBits=8, fullscr=<method-wrapper '__getattribute__' of attributeSetter object at 0x7fb020a93fa0>, gamma=None, gammaErrorPolicy='raise', lms=UNKNOWN, monitor=<psychopy.monitors.calibTools.Monitor object at 0x7fafedd6eac0>, multiSample=False, name='window1', numSamples=2, pos=[420.0, 262.5], screen=0, size=array([3360, 2100]), stencilBits=0, stereo=False, units='height', useFBO=True, useRetina=True, viewOri=0.0, viewPos=None, viewScale=None, waitBlanking=True, winType='pyglet')
20.5621 	EXP 	window1: mouseVisible = True
20.5633 	EXP 	window1: mouseVisible = False
20.5634 	EXP 	window1: Attempting to measure frame rate of screen (0) ...
20.5634 	EXP 	window1: recordFrameIntervals = False
20.7121 	EXP 	window1: recordFrameIntervals = True
20.8739 	WARNING 	t of last frame was 25.18ms (=1/39)
21.2908 	WARNING 	t of last frame was 25.26ms (=1/39)
21.4738 	WARNING 	t of last frame was 25.18ms (=1/39)
21.6238 	WARNING 	t of last frame was 23.14ms (=1/43)
21.7406 	WARNING 	Multiple dropped frames have occurred - I'll stop bothering you about them!
22.3237 	WARNING 	Couldn't measure a consistent frame rate!
  - Is your graphics card set to sync to vertical blank?
  - Are you running other processes on your computer?

27.4309 	EXP 	Created text = TextStim(__class__=<class 'psychopy.visual.text.TextStim'>, alignHoriz=method-wrapper(...), alignText='center', alignVert=method-wrapper(...), anchorHoriz='center', anchorVert='center', antialias=True, autoDraw=False, autoLog=True, bold=False, color=array([1, 1, 1]), colorSpace='rgb', contrast=1.0, depth=0.0, flipHoriz=False, flipVert=False, font='Open Sans', fontFiles=[], height=0.05, italic=False, languageStyle='LTR', name='text', opacity=1.0, ori=0.0, pos=array([0., 0.]), rgb=UNKNOWN, text=str(...), units='height', win=Window(...), wrapWidth=1)
27.4499 	EXP 	Created text_2 = TextStim(__class__=<class 'psychopy.visual.text.TextStim'>, alignHoriz=method-wrapper(...), alignText='center', alignVert=method-wrapper(...), anchorHoriz='center', anchorVert='center', antialias=True, autoDraw=False, autoLog=True, bold=False, color=array([1, 1, 1]), colorSpace='rgb', contrast=1.0, depth=0.0, flipHoriz=False, flipVert=False, font='Open Sans', fontFiles=[], height=0.05, italic=False, languageStyle='LTR', name='text_2', opacity=1.0, ori=0.0, pos=array([0., 0.]), rgb=UNKNOWN, text=str(...), units='height', win=Window(...), wrapWidth=1)
27.4768 	EXP 	Created LowerLvl = ImageStim(__class__=<class 'psychopy.visual.image.ImageStim'>, anchor=('center', 'center'), autoLog=True, color=array([1, 1, 1]), colorSpace='rgb', contrast=1.0, depth=0.0, flipHoriz=False, flipVert=False, image='sin', interpolate=True, mask=None, maskParams=None, name='LowerLvl', opacity=1.0, ori=0.0, pos=array([-0.53,  0.  ]), size=array([0.5, 0.8]), texRes=128.0, units='height', win=Window(...))
27.4826 	EXP 	Created SecondLvl = ImageStim(__class__=<class 'psychopy.visual.image.ImageStim'>, anchor=('center', 'center'), autoLog=True, color=array([1, 1, 1]), colorSpace='rgb', contrast=1.0, depth=-1.0, flipHoriz=False, flipVert=False, image='sin', interpolate=True, mask=None, maskParams=None, name='SecondLvl', opacity=1.0, ori=0.0, pos=array([0.53, 0.  ]), size=array([0.5, 0.8]), texRes=128.0, units='height', win=Window(...))
27.4870 	EXP 	Created L1_shape = Rect(__class__=<class 'psychopy.visual.rect.Rect'>, anchor=('center', 'center'), autoDraw=False, autoLog=True, closeShape=True, color=method-wrapper(...), colorSpace='rgb', contrast=None, depth=-2.0, fillColor=array([-1, -1, -1]), fillColorSpace='rgb', fillRGB=array([-1, -1, -1]), interpolate=True, lineColor=array([0, 0, 0]), lineColorSpace='rgb', lineRGB=array([0, 0, 0]), lineWidth=1.0, name='L1_shape', opacity=0.0, ori=0.0, pos=array([-0.33,  0.12]), size=array([0.1, 0.1]), units='height', vertices=ndarray(...), win=Window(...))
27.4884 	EXP 	Created L2_shape = Rect(__class__=<class 'psychopy.visual.rect.Rect'>, anchor=('center', 'center'), autoDraw=False, autoLog=True, closeShape=True, color=method-wrapper(...), colorSpace='rgb', contrast=None, depth=-3.0, fillColor=array([-1, -1, -1]), fillColorSpace='rgb', fillRGB=array([-1, -1, -1]), interpolate=True, lineColor=array([1, 1, 1]), lineColorSpace='rgb', lineRGB=array([1, 1, 1]), lineWidth=1.0, name='L2_shape', opacity=0.0, ori=0.0, pos=array([-0.65,  0.12]), size=array([0.1, 0.1]), units='height', vertices=ndarray(...), win=Window(...))
27.4898 	EXP 	Created L3_shape = Rect(__class__=<class 'psychopy.visual.rect.Rect'>, anchor=('center', 'center'), autoDraw=False, autoLog=True, closeShape=True, color=method-wrapper(...), colorSpace='rgb', contrast=None, depth=-4.0, fillColor=array([-1, -1, -1]), fillColorSpace='rgb', fillRGB=array([-1, -1, -1]), interpolate=True, lineColor=array([1, 1, 1]), lineColorSpace='rgb', lineRGB=array([1, 1, 1]), lineWidth=1.0, name='L3_shape', opacity=1.0, ori=0.0, pos=array([-0.42, -0.33]), size=array([0.1, 0.1]), units='height', vertices=ndarray(...), win=Window(...))
27.4912 	EXP 	Created L4_shape = Rect(__class__=<class 'psychopy.visual.rect.Rect'>, anchor=('center', 'center'), autoDraw=False, autoLog=True, closeShape=True, color=method-wrapper(...), colorSpace='rgb', contrast=None, depth=-5.0, fillColor=array([-1, -1, -1]), fillColorSpace='rgb', fillRGB=array([-1, -1, -1]), interpolate=True, lineColor=array([1, 1, 1]), lineColorSpace='rgb', lineRGB=array([1, 1, 1]), lineWidth=1.0, name='L4_shape', opacity=1.0, ori=0.0, pos=array([-0.39, -0.16]), size=array([0.1, 0.1]), units='height', vertices=ndarray(...), win=Window(...))
27.4925 	EXP 	Created L5_shape = Rect(__class__=<class 'psychopy.visual.rect.Rect'>, anchor=('center', 'center'), autoDraw=False, autoLog=True, closeShape=True, color=method-wrapper(...), colorSpace='rgb', contrast=None, depth=-6.0, fillColor=array([-1, -1, -1]), fillColorSpace='rgb', fillRGB=array([-1, -1, -1]), interpolate=True, lineColor=array([1, 1, 1]), lineColorSpace='rgb', lineRGB=array([1, 1, 1]), lineWidth=1.0, name='L5_shape', opacity=1.0, ori=0.0, pos=array([-0.73,  0.  ]), size=array([0.1, 0.1]), units='height', vertices=ndarray(...), win=Window(...))
27.4938 	EXP 	Created L6_shape = Rect(__class__=<class 'psychopy.visual.rect.Rect'>, anchor=('center', 'center'), autoDraw=False, autoLog=True, closeShape=True, color=method-wrapper(...), colorSpace='rgb', contrast=None, depth=-7.0, fillColor=array([-1, -1, -1]), fillColorSpace='rgb', fillRGB=array([-1, -1, -1]), interpolate=True, lineColor=array([1, 1, 1]), lineColorSpace='rgb', lineRGB=array([1, 1, 1]), lineWidth=1.0, name='L6_shape', opacity=1.0, ori=0.0, pos=array([-0.33,  0.01]), size=array([0.1, 0.1]), units='height', vertices=ndarray(...), win=Window(...))
27.4950 	EXP 	Created L7_shape = Rect(__class__=<class 'psychopy.visual.rect.Rect'>, anchor=('center', 'center'), autoDraw=False, autoLog=True, closeShape=True, color=method-wrapper(...), colorSpace='rgb', contrast=None, depth=-8.0, fillColor=array([-1, -1, -1]), fillColorSpace='rgb', fillRGB=array([-1, -1, -1]), interpolate=True, lineColor=array([1, 1, 1]), lineColorSpace='rgb', lineRGB=array([1, 1, 1]), lineWidth=1.0, name='L7_shape', opacity=1.0, ori=0.0, pos=array([0.33, 0.1 ]), size=array([0.1, 0.1]), units='height', vertices=ndarray(...), win=Window(...))
27.4963 	EXP 	Created L8_shape = Rect(__class__=<class 'psychopy.visual.rect.Rect'>, anchor=('center', 'center'), autoDraw=False, autoLog=True, closeShape=True, color=method-wrapper(...), colorSpace='rgb', contrast=None, depth=-9.0, fillColor=array([-1, -1, -1]), fillColorSpace='rgb', fillRGB=array([-1, -1, -1]), interpolate=True, lineColor=array([1, 1, 1]), lineColorSpace='rgb', lineRGB=array([1, 1, 1]), lineWidth=1.0, name='L8_shape', opacity=1.0, ori=0.0, pos=array([ 0.73, -0.03]), size=array([0.1, 0.1]), units='height', vertices=ndarray(...), win=Window(...))
27.4975 	EXP 	Created L9_shape = Rect(__class__=<class 'psychopy.visual.rect.Rect'>, anchor=('center', 'center'), autoDraw=False, autoLog=True, closeShape=True, color=method-wrapper(...), colorSpace='rgb', contrast=None, depth=-10.0, fillColor=array([-1, -1, -1]), fillColorSpace='rgb', fillRGB=array([-1, -1, -1]), interpolate=True, lineColor=array([1, 1, 1]), lineColorSpace='rgb', lineRGB=array([1, 1, 1]), lineWidth=1.0, name='L9_shape', opacity=1.0, ori=0.0, pos=array([0.73, 0.24]), size=array([0.1, 0.1]), units='height', vertices=ndarray(...), win=Window(...))
27.4987 	EXP 	Created L10_shape = Rect(__class__=<class 'psychopy.visual.rect.Rect'>, anchor=('center', 'center'), autoDraw=False, autoLog=True, closeShape=True, color=method-wrapper(...), colorSpace='rgb', contrast=None, depth=-11.0, fillColor=array([-1, -1, -1]), fillColorSpace='rgb', fillRGB=array([-1, -1, -1]), interpolate=True, lineColor=array([1, 1, 1]), lineColorSpace='rgb', lineRGB=array([1, 1, 1]), lineWidth=1.0, name='L10_shape', opacity=1.0, ori=0.0, pos=array([ 0.38, -0.1 ]), size=array([0.1, 0.1]), units='height', vertices=ndarray(...), win=Window(...))
27.4999 	EXP 	Created L11_shape = Rect(__class__=<class 'psychopy.visual.rect.Rect'>, anchor=('center', 'center'), autoDraw=False, autoLog=True, closeShape=True, color=method-wrapper(...), colorSpace='rgb', contrast=None, depth=-12.0, fillColor=array([-1, -1, -1]), fillColorSpace='rgb', fillRGB=array([-1, -1, -1]), interpolate=True, lineColor=array([1, 1, 1]), lineColorSpace='rgb', lineRGB=array([1, 1, 1]), lineWidth=1.0, name='L11_shape', opacity=1.0, ori=0.0, pos=array([ 0.57, -0.03]), size=array([0.1, 0.1]), units='height', vertices=ndarray(...), win=Window(...))
27.5011 	EXP 	Created L12_shape = Rect(__class__=<class 'psychopy.visual.rect.Rect'>, anchor=('center', 'center'), autoDraw=False, autoLog=True, closeShape=True, color=method-wrapper(...), colorSpace='rgb', contrast=None, depth=-13.0, fillColor=array([-1, -1, -1]), fillColorSpace='rgb', fillRGB=array([-1, -1, -1]), interpolate=True, lineColor=array([1, 1, 1]), lineColorSpace='rgb', lineRGB=array([1, 1, 1]), lineWidth=1.0, name='L12_shape', opacity=1.0, ori=0.0, pos=array([0.69, 0.08]), size=array([0.1, 0.1]), units='height', vertices=ndarray(...), win=Window(...))
27.5193 	EXP 	Created text_4 = TextStim(__class__=<class 'psychopy.visual.text.TextStim'>, alignHoriz=method-wrapper(...), alignText='center', alignVert=method-wrapper(...), anchorHoriz='center', anchorVert='center', antialias=True, autoDraw=False, autoLog=True, bold=False, color=array([1, 1, 1]), colorSpace='rgb', contrast=1.0, depth=-14.0, flipHoriz=False, flipVert=False, font='Open Sans', fontFiles=[], height=0.02, italic=False, languageStyle='LTR', name='text_4', opacity=1.0, ori=0.0, pos=array([0.  , 0.42]), rgb=UNKNOWN, text=str(...), units='height', win=Window(...), wrapWidth=1)
27.5196 	EXP 	window1: mouseVisible = True
27.6511 	EXP 	Created L1 = ImageStim(__class__=<class 'psychopy.visual.image.ImageStim'>, anchor=('center', 'center'), autoLog=True, color=array([1, 1, 1]), colorSpace='rgb', contrast=1.0, depth=-17.0, flipHoriz=False, flipVert=False, image='resources/Landmark1.png', interpolate=True, mask=None, maskParams=None, name='L1', opacity=1.0, ori=0.0, pos=array([-0.15, -0.15]), size=array([0.085, 0.085]), texRes=128.0, units='height', win=Window(...))
27.7100 	EXP 	Created L2 = ImageStim(__class__=<class 'psychopy.visual.image.ImageStim'>, anchor=('center', 'center'), autoLog=True, color=array([1, 1, 1]), colorSpace='rgb', contrast=1.0, depth=-18.0, flipHoriz=False, flipVert=False, image='resources/Landmark2.png', interpolate=True, mask=None, maskParams=None, name='L2', opacity=1.0, ori=0.0, pos=array([ 0.  , -0.15]), size=array([0.085, 0.085]), texRes=128.0, units='height', win=Window(...))
27.7692 	EXP 	Created L3 = ImageStim(__class__=<class 'psychopy.visual.image.ImageStim'>, anchor=('center', 'center'), autoLog=True, color=array([1, 1, 1]), colorSpace='rgb', contrast=1.0, depth=-19.0, flipHoriz=False, flipVert=False, image='resources/Landmark3.png', interpolate=True, mask=None, maskParams=None, name='L3', opacity=1.0, ori=0.0, pos=array([0.15, 0.  ]), size=array([0.085, 0.085]), texRes=128.0, units='height', win=Window(...))
27.8240 	EXP 	Created L4 = ImageStim(__class__=<class 'psychopy.visual.image.ImageStim'>, anchor=('center', 'center'), autoLog=True, color=array([1, 1, 1]), colorSpace='rgb', contrast=1.0, depth=-20.0, flipHoriz=False, flipVert=False, image='resources/Landmark4.png', interpolate=True, mask=None, maskParams=None, name='L4', opacity=1.0, ori=0.0, pos=array([-0.15,  0.  ]), size=array([0.085, 0.085]), texRes=128.0, units='height', win=Window(...))
27.8745 	EXP 	Created L5 = ImageStim(__class__=<class 'psychopy.visual.image.ImageStim'>, anchor=('center', 'center'), autoLog=True, color=array([1, 1, 1]), colorSpace='rgb', contrast=1.0, depth=-21.0, flipHoriz=False, flipVert=False, image='resources/Landmark5.png', interpolate=True, mask=None, maskParams=None, name='L5', opacity=1.0, ori=0.0, pos=array([0.  , 0.15]), size=array([0.085, 0.085]), texRes=128.0, units='height', win=Window(...))
28.0387 	EXP 	Created L6 = ImageStim(__class__=<class 'psychopy.visual.image.ImageStim'>, anchor=('center', 'center'), autoLog=True, color=array([1, 1, 1]), colorSpace='rgb', contrast=1.0, depth=-22.0, flipHoriz=False, flipVert=False, image='resources/Landmark6.png', interpolate=True, mask=None, maskParams=None, name='L6', opacity=1.0, ori=0.0, pos=array([-0.15,  0.15]), size=array([0.085, 0.085]), texRes=128.0, units='height', win=Window(...))
28.0966 	EXP 	Created L7 = ImageStim(__class__=<class 'psychopy.visual.image.ImageStim'>, anchor=('center', 'center'), autoLog=True, color=array([1, 1, 1]), colorSpace='rgb', contrast=1.0, depth=-23.0, flipHoriz=False, flipVert=False, image='resources/Landmark7.png', interpolate=True, mask=None, maskParams=None, name='L7', opacity=1.0, ori=0.0, pos=array([ 0.15, -0.3 ]), size=array([0.085, 0.085]), texRes=128.0, units='height', win=Window(...))
28.1832 	EXP 	Created L8 = ImageStim(__class__=<class 'psychopy.visual.image.ImageStim'>, anchor=('center', 'center'), autoLog=True, color=array([1, 1, 1]), colorSpace='rgb', contrast=1.0, depth=-24.0, flipHoriz=False, flipVert=False, image='resources/Landmark8.png', interpolate=True, mask=None, maskParams=None, name='L8', opacity=1.0, ori=0.0, pos=array([0., 0.]), size=array([0.085, 0.085]), texRes=128.0, units='height', win=Window(...))
28.2351 	EXP 	Created L9 = ImageStim(__class__=<class 'psychopy.visual.image.ImageStim'>, anchor=('center', 'center'), autoLog=True, color=array([1, 1, 1]), colorSpace='rgb', contrast=1.0, depth=-25.0, flipHoriz=False, flipVert=False, image='resources/Landmark9.png', interpolate=True, mask=None, maskParams=None, name='L9', opacity=1.0, ori=0.0, pos=array([0.15, 0.15]), size=array([0.085, 0.085]), texRes=128.0, units='height', win=Window(...))
28.2864 	EXP 	Created L10 = ImageStim(__class__=<class 'psychopy.visual.image.ImageStim'>, anchor=('center', 'center'), autoLog=True, color=array([1, 1, 1]), colorSpace='rgb', contrast=1.0, depth=-26.0, flipHoriz=False, flipVert=False, image='resources/Landmark10.png', interpolate=True, mask=None, maskParams=None, name='L10', opacity=1.0, ori=0.0, pos=array([ 0. , -0.3]), size=array([0.085, 0.085]), texRes=128.0, units='height', win=Window(...))
28.3534 	EXP 	Created L11 = ImageStim(__class__=<class 'psychopy.visual.image.ImageStim'>, anchor=('center', 'center'), autoLog=True, color=array([1, 1, 1]), colorSpace='rgb', contrast=1.0, depth=-27.0, flipHoriz=False, flipVert=False, image='resources/Landmark11.png', interpolate=True, mask=None, maskParams=None, name='L11', opacity=1.0, ori=0.0, pos=array([-0.15, -0.3 ]), size=array([0.085, 0.085]), texRes=128.0, units='height', win=Window(...))
28.4130 	EXP 	Created L12 = ImageStim(__class__=<class 'psychopy.visual.image.ImageStim'>, anchor=('center', 'center'), autoLog=True, color=array([1, 1, 1]), colorSpace='rgb', contrast=1.0, depth=-28.0, flipHoriz=False, flipVert=False, image='resources/Landmark12.png', interpolate=True, mask=None, maskParams=None, name='L12', opacity=1.0, ori=0.0, pos=array([ 0.15, -0.15]), size=array([0.085, 0.085]), texRes=128.0, units='height', win=Window(...))
28.4187 	EXP 	Created text_3 = TextStim(__class__=<class 'psychopy.visual.text.TextStim'>, alignHoriz=method-wrapper(...), alignText='center', alignVert=method-wrapper(...), anchorHoriz='center', anchorVert='center', antialias=True, autoDraw=False, autoLog=True, bold=False, color=array([1, 1, 1]), colorSpace='rgb', contrast=1.0, depth=0.0, flipHoriz=False, flipVert=False, font='Open Sans', fontFiles=[], height=0.05, italic=False, languageStyle='LTR', name='text_3', opacity=1.0, ori=0.0, pos=array([0., 0.]), rgb=UNKNOWN, text=str(...), units='height', win=Window(...), wrapWidth=1)
28.4487 	EXP 	text: autoDraw = True
31.4466 	EXP 	text: autoDraw = False
31.4466 	EXP 	text_2: autoDraw = True
33.1363 	DATA 	Keypress: space
33.2248 	EXP 	text_2: autoDraw = False
33.2248 	EXP 	LowerLvl: image = 'resources/KemperLower.png'
33.2248 	EXP 	SecondLvl: image = 'resources/KemperSecond.png'
33.2248 	EXP 	LowerLvl: autoDraw = True
33.2248 	EXP 	SecondLvl: autoDraw = True
33.2248 	EXP 	L1_shape: autoDraw = True
33.2248 	EXP 	L2_shape: autoDraw = True
33.2248 	EXP 	L3_shape: autoDraw = True
33.2248 	EXP 	L4_shape: autoDraw = True
33.2248 	EXP 	L5_shape: autoDraw = True
33.2248 	EXP 	L6_shape: autoDraw = True
33.2248 	EXP 	L7_shape: autoDraw = True
33.2248 	EXP 	L8_shape: autoDraw = True
33.2248 	EXP 	L9_shape: autoDraw = True
33.2248 	EXP 	L10_shape: autoDraw = True
33.2248 	EXP 	L11_shape: autoDraw = True
33.2248 	EXP 	L12_shape: autoDraw = True
33.2248 	EXP 	text_4: autoDraw = True
33.2248 	EXP 	L1: autoDraw = True
33.2248 	EXP 	L2: autoDraw = True
33.2248 	EXP 	L3: autoDraw = True
33.2248 	EXP 	L4: autoDraw = True
33.2248 	EXP 	L5: autoDraw = True
33.2248 	EXP 	L6: autoDraw = True
33.2248 	EXP 	L7: autoDraw = True
33.2248 	EXP 	L8: autoDraw = True
33.2248 	EXP 	L9: autoDraw = True
33.2248 	EXP 	L10: autoDraw = True
33.2248 	EXP 	L11: autoDraw = True
33.2248 	EXP 	L12: autoDraw = True
53.5882 	DATA 	Mouse: Left button down, pos=(676,506)
59.9423 	DATA 	Mouse:  Left button up, pos=(694,531)
67.2558 	DATA 	Mouse: Left button down, pos=(661,685)
70.0753 	DATA 	Mouse:  Left button up, pos=(494,537)
71.5097 	DATA 	Mouse: Left button down, pos=(718,534)
72.9261 	DATA 	Mouse:  Left button up, pos=(436,318)
73.9596 	DATA 	Mouse: Left button down, pos=(683,481)
76.5427 	DATA 	Mouse:  Left button up, pos=(436,358)
78.7202 	DATA 	Mouse: Left button down, pos=(682,362)
85.4970 	DATA 	Mouse:  Left button up, pos=(494,538)
86.9913 	DATA 	Mouse: Left button down, pos=(649,410)
91.7750 	DATA 	Mouse:  Left button up, pos=(490,534)
94.7076 	DATA 	Mouse: Left button down, pos=(488,540)
97.1930 	DATA 	Mouse:  Left button up, pos=(492,553)
112.0730 	DATA 	Mouse: Left button down, pos=(859,689)
113.1085 	DATA 	Mouse:  Left button up, pos=(180,471)
114.3432 	DATA 	Mouse: Left button down, pos=(726,663)
115.2747 	DATA 	Mouse:  Left button up, pos=(0,506)
116.4592 	DATA 	Mouse: Left button down, pos=(637,655)
117.7483 	DATA 	Mouse:  Left button up, pos=(106,523)
118.3405 	DATA 	Mouse: Left button down, pos=(419,615)
121.8435 	DATA 	Mouse:  Left button up, pos=(76,525)
127.7279 	DATA 	Mouse: Left button down, pos=(849,202)
132.2565 	DATA 	Mouse:  Left button up, pos=(1240,423)
135.2266 	DATA 	Mouse: Left button down, pos=(982,207)
138.1581 	DATA 	Mouse:  Left button up, pos=(1189,624)
145.2558 	DATA 	Mouse: Left button down, pos=(838,531)
146.5898 	DATA 	Mouse:  Left button up, pos=(1516,642)
148.1292 	DATA 	Mouse: Left button down, pos=(903,534)
150.8266 	DATA 	Mouse:  Left button up, pos=(1612,776)
151.5415 	DATA 	Mouse: Left button down, pos=(1481,761)
154.0866 	DATA 	Mouse:  Left button up, pos=(1606,777)
156.2166 	DATA 	Keypress: space
156.3305 	EXP 	LowerLvl: autoDraw = False
156.3305 	EXP 	SecondLvl: autoDraw = False
156.3305 	EXP 	L1_shape: autoDraw = False
156.3305 	EXP 	L2_shape: autoDraw = False
156.3305 	EXP 	L3_shape: autoDraw = False
156.3305 	EXP 	L4_shape: autoDraw = False
156.3305 	EXP 	L5_shape: autoDraw = False
156.3305 	EXP 	L6_shape: autoDraw = False
156.3305 	EXP 	L7_shape: autoDraw = False
156.3305 	EXP 	L8_shape: autoDraw = False
156.3305 	EXP 	L9_shape: autoDraw = False
156.3305 	EXP 	L10_shape: autoDraw = False
156.3305 	EXP 	L11_shape: autoDraw = False
156.3305 	EXP 	L12_shape: autoDraw = False
156.3305 	EXP 	text_4: autoDraw = False
156.3305 	EXP 	L1: autoDraw = False
156.3305 	EXP 	L2: autoDraw = False
156.3305 	EXP 	L3: autoDraw = False
156.3305 	EXP 	L4: autoDraw = False
156.3305 	EXP 	L5: autoDraw = False
156.3305 	EXP 	L6: autoDraw = False
156.3305 	EXP 	L7: autoDraw = False
156.3305 	EXP 	L8: autoDraw = False
156.3305 	EXP 	L9: autoDraw = False
156.3305 	EXP 	L10: autoDraw = False
156.3305 	EXP 	L11: autoDraw = False
156.3305 	EXP 	L12: autoDraw = False
156.3305 	EXP 	text_3: autoDraw = True
160.3405 	EXP 	text_3: autoDraw = False
160.9658 	EXP 	window1: mouseVisible = True
